This is pdfTeX, Version 3.14159265-2.6-1.40.18 (TeX Live 2017/Debian) (preloaded format=pdflatex 2020.1.1)  27 APR 2020 06:42
entering extended mode
 restricted \write18 enabled.
 file:line:error style messages enabled.
 %&-line parsing enabled.
**project.tex
(./project.tex
LaTeX2e <2017-04-15>
Babel <3.18> and hyphenation patterns for 3 language(s) loaded.
(/usr/share/texlive/texmf-dist/tex/latex/base/article.cls
Document Class: article 2014/09/29 v1.4h Standard LaTeX document class
(/usr/share/texlive/texmf-dist/tex/latex/base/size10.clo
File: size10.clo 2014/09/29 v1.4h Standard LaTeX file (size option)
)
\c@part=\count79
\c@section=\count80
\c@subsection=\count81
\c@subsubsection=\count82
\c@paragraph=\count83
\c@subparagraph=\count84
\c@figure=\count85
\c@table=\count86
\abovecaptionskip=\skip41
\belowcaptionskip=\skip42
\bibindent=\dimen102
) (/usr/share/texlive/texmf-dist/tex/latex/amsmath/amsmath.sty
Package: amsmath 2017/09/02 v2.17a AMS math features
\@mathmargin=\skip43

For additional information on amsmath, use the `?' option.
(/usr/share/texlive/texmf-dist/tex/latex/amsmath/amstext.sty
Package: amstext 2000/06/29 v2.01 AMS text
 (/usr/share/texlive/texmf-dist/tex/latex/amsmath/amsgen.sty
File: amsgen.sty 1999/11/30 v2.0 generic functions
\@emptytoks=\toks14
\ex@=\dimen103
)) (/usr/share/texlive/texmf-dist/tex/latex/amsmath/amsbsy.sty
Package: amsbsy 1999/11/29 v1.2d Bold Symbols
\pmbraise@=\dimen104
) (/usr/share/texlive/texmf-dist/tex/latex/amsmath/amsopn.sty
Package: amsopn 2016/03/08 v2.02 operator names
)
\inf@bad=\count87
LaTeX Info: Redefining \frac on input line 213.
\uproot@=\count88
\leftroot@=\count89
LaTeX Info: Redefining \overline on input line 375.
\classnum@=\count90
\DOTSCASE@=\count91
LaTeX Info: Redefining \ldots on input line 472.
LaTeX Info: Redefining \dots on input line 475.
LaTeX Info: Redefining \cdots on input line 596.
\Mathstrutbox@=\box26
\strutbox@=\box27
\big@size=\dimen105
LaTeX Font Info:    Redeclaring font encoding OML on input line 712.
LaTeX Font Info:    Redeclaring font encoding OMS on input line 713.
\macc@depth=\count92
\c@MaxMatrixCols=\count93
\dotsspace@=\muskip10
\c@parentequation=\count94
\dspbrk@lvl=\count95
\tag@help=\toks15
\row@=\count96
\column@=\count97
\maxfields@=\count98
\andhelp@=\toks16
\eqnshift@=\dimen106
\alignsep@=\dimen107
\tagshift@=\dimen108
\tagwidth@=\dimen109
\totwidth@=\dimen110
\lineht@=\dimen111
\@envbody=\toks17
\multlinegap=\skip44
\multlinetaggap=\skip45
\mathdisplay@stack=\toks18
LaTeX Info: Redefining \[ on input line 2817.
LaTeX Info: Redefining \] on input line 2818.
) (/usr/share/texlive/texmf-dist/tex/latex/amsfonts/amsfonts.sty
Package: amsfonts 2013/01/14 v3.01 Basic AMSFonts support
\symAMSa=\mathgroup4
\symAMSb=\mathgroup5
LaTeX Font Info:    Overwriting math alphabet `\mathfrak' in version `bold'
(Font)                  U/euf/m/n --> U/euf/b/n on input line 106.
) (/usr/share/texlive/texmf-dist/tex/latex/mathtools/mathtools.sty
Package: mathtools 2018/01/08 v1.21 mathematical typesetting tools
 (/usr/share/texlive/texmf-dist/tex/latex/graphics/keyval.sty
Package: keyval 2014/10/28 v1.15 key=value parser (DPC)
\KV@toks@=\toks19
) (/usr/share/texlive/texmf-dist/tex/latex/tools/calc.sty
Package: calc 2014/10/28 v4.3 Infix arithmetic (KKT,FJ)
\calc@Acount=\count99
\calc@Bcount=\count100
\calc@Adimen=\dimen112
\calc@Bdimen=\dimen113
\calc@Askip=\skip46
\calc@Bskip=\skip47
LaTeX Info: Redefining \setlength on input line 80.
LaTeX Info: Redefining \addtolength on input line 81.
\calc@Ccount=\count101
\calc@Cskip=\skip48
) (/usr/share/texlive/texmf-dist/tex/latex/mathtools/mhsetup.sty
Package: mhsetup 2017/03/31 v1.3 programming setup (MH)
)
LaTeX Info: Thecontrolsequence`\('isalreadyrobust on input line 129.
LaTeX Info: Thecontrolsequence`\)'isalreadyrobust on input line 129.
LaTeX Info: Thecontrolsequence`\['isalreadyrobust on input line 129.
LaTeX Info: Thecontrolsequence`\]'isalreadyrobust on input line 129.
\g_MT_multlinerow_int=\count102
\l_MT_multwidth_dim=\dimen114
\origjot=\skip49
\l_MT_shortvdotswithinadjustabove_dim=\dimen115
\l_MT_shortvdotswithinadjustbelow_dim=\dimen116
\l_MT_above_intertext_sep=\dimen117
\l_MT_below_intertext_sep=\dimen118
\l_MT_above_shortintertext_sep=\dimen119
\l_MT_below_shortintertext_sep=\dimen120
) (/usr/share/texlive/texmf-dist/tex/latex/amscls/amsthm.sty
Package: amsthm 2017/10/31 v2.20.4
\thm@style=\toks20
\thm@bodyfont=\toks21
\thm@headfont=\toks22
\thm@notefont=\toks23
\thm@headpunct=\toks24
\thm@preskip=\skip50
\thm@postskip=\skip51
\thm@headsep=\skip52
\dth@everypar=\toks25
) (/usr/share/texlive/texmf-dist/tex/latex/amsfonts/amssymb.sty
Package: amssymb 2013/01/14 v3.01 AMS font symbols
) (/usr/share/texlive/texmf-dist/tex/latex/listings/listings.sty
\lst@mode=\count103
\lst@gtempboxa=\box28
\lst@token=\toks26
\lst@length=\count104
\lst@currlwidth=\dimen121
\lst@column=\count105
\lst@pos=\count106
\lst@lostspace=\dimen122
\lst@width=\dimen123
\lst@newlines=\count107
\lst@lineno=\count108
\lst@maxwidth=\dimen124
 (/usr/share/texlive/texmf-dist/tex/latex/listings/lstmisc.sty
File: lstmisc.sty 2015/06/04 1.6 (Carsten Heinz)
\c@lstnumber=\count109
\lst@skipnumbers=\count110
\lst@framebox=\box29
) (/usr/share/texlive/texmf-dist/tex/latex/listings/listings.cfg
File: listings.cfg 2015/06/04 1.6 listings configuration
))
Package: listings 2015/06/04 1.6 (Carsten Heinz)
 (/usr/share/texlive/texmf-dist/tex/latex/graphics/graphicx.sty
Package: graphicx 2017/06/01 v1.1a Enhanced LaTeX Graphics (DPC,SPQR)
 (/usr/share/texlive/texmf-dist/tex/latex/graphics/graphics.sty
Package: graphics 2017/06/25 v1.2c Standard LaTeX Graphics (DPC,SPQR)
 (/usr/share/texlive/texmf-dist/tex/latex/graphics/trig.sty
Package: trig 2016/01/03 v1.10 sin cos tan (DPC)
) (/usr/share/texlive/texmf-dist/tex/latex/graphics-cfg/graphics.cfg
File: graphics.cfg 2016/06/04 v1.11 sample graphics configuration
)
Package graphics Info: Driver file: pdftex.def on input line 99.
 (/usr/share/texlive/texmf-dist/tex/latex/graphics-def/pdftex.def
File: pdftex.def 2018/01/08 v1.0l Graphics/color driver for pdftex
))
\Gin@req@height=\dimen125
\Gin@req@width=\dimen126
) (./project.aux)
\openout1 = `project.aux'.

LaTeX Font Info:    Checking defaults for OML/cmm/m/it on input line 10.
LaTeX Font Info:    ... okay on input line 10.
LaTeX Font Info:    Checking defaults for T1/cmr/m/n on input line 10.
LaTeX Font Info:    ... okay on input line 10.
LaTeX Font Info:    Checking defaults for OT1/cmr/m/n on input line 10.
LaTeX Font Info:    ... okay on input line 10.
LaTeX Font Info:    Checking defaults for OMS/cmsy/m/n on input line 10.
LaTeX Font Info:    ... okay on input line 10.
LaTeX Font Info:    Checking defaults for OMX/cmex/m/n on input line 10.
LaTeX Font Info:    ... okay on input line 10.
LaTeX Font Info:    Checking defaults for U/cmr/m/n on input line 10.
LaTeX Font Info:    ... okay on input line 10.
\c@lstlisting=\count111
 (/usr/share/texlive/texmf-dist/tex/context/base/mkii/supp-pdf.mkii
[Loading MPS to PDF converter (version 2006.09.02).]
\scratchcounter=\count112
\scratchdimen=\dimen127
\scratchbox=\box30
\nofMPsegments=\count113
\nofMParguments=\count114
\everyMPshowfont=\toks27
\MPscratchCnt=\count115
\MPscratchDim=\dimen128
\MPnumerator=\count116
\makeMPintoPDFobject=\count117
\everyMPtoPDFconversion=\toks28
) (/usr/share/texlive/texmf-dist/tex/latex/oberdiek/epstopdf-base.sty
Package: epstopdf-base 2016/05/15 v2.6 Base part for package epstopdf
 (/usr/share/texlive/texmf-dist/tex/generic/oberdiek/infwarerr.sty
Package: infwarerr 2016/05/16 v1.4 Providing info/warning/error messages (HO)
) (/usr/share/texlive/texmf-dist/tex/latex/oberdiek/grfext.sty
Package: grfext 2016/05/16 v1.2 Manage graphics extensions (HO)
 (/usr/share/texlive/texmf-dist/tex/generic/oberdiek/kvdefinekeys.sty
Package: kvdefinekeys 2016/05/16 v1.4 Define keys (HO)
 (/usr/share/texlive/texmf-dist/tex/generic/oberdiek/ltxcmds.sty
Package: ltxcmds 2016/05/16 v1.23 LaTeX kernel commands for general use (HO)
))) (/usr/share/texlive/texmf-dist/tex/latex/oberdiek/kvoptions.sty
Package: kvoptions 2016/05/16 v3.12 Key value format for package options (HO)
 (/usr/share/texlive/texmf-dist/tex/generic/oberdiek/kvsetkeys.sty
Package: kvsetkeys 2016/05/16 v1.17 Key value parser (HO)
 (/usr/share/texlive/texmf-dist/tex/generic/oberdiek/etexcmds.sty
Package: etexcmds 2016/05/16 v1.6 Avoid name clashes with e-TeX commands (HO)
 (/usr/share/texlive/texmf-dist/tex/generic/oberdiek/ifluatex.sty
Package: ifluatex 2016/05/16 v1.4 Provides the ifluatex switch (HO)
Package ifluatex Info: LuaTeX not detected.
)
Package etexcmds Info: Could not find \expanded.
(etexcmds)             That can mean that you are not using pdfTeX 1.50 or
(etexcmds)             that some package has redefined \expanded.
(etexcmds)             In the latter case, load this package earlier.
))) (/usr/share/texlive/texmf-dist/tex/generic/oberdiek/pdftexcmds.sty
Package: pdftexcmds 2018/01/21 v0.26 Utility functions of pdfTeX for LuaTeX (HO)
 (/usr/share/texlive/texmf-dist/tex/generic/oberdiek/ifpdf.sty
Package: ifpdf 2017/03/15 v3.2 Provides the ifpdf switch
)
Package pdftexcmds Info: LuaTeX not detected.
Package pdftexcmds Info: \pdf@primitive is available.
Package pdftexcmds Info: \pdf@ifprimitive is available.
Package pdftexcmds Info: \pdfdraftmode found.
)
Package epstopdf-base Info: Redefining graphics rule for `.eps' on input line 438.
Package grfext Info: Graphics extension search list:
(grfext)             [.pdf,.png,.jpg,.mps,.jpeg,.jbig2,.jb2,.PDF,.PNG,.JPG,.JPEG,.JBIG2,.JB2,.eps]
(grfext)             \AppendGraphicsExtensions on input line 456.
 (/usr/share/texlive/texmf-dist/tex/latex/latexconfig/epstopdf-sys.cfg
File: epstopdf-sys.cfg 2010/07/13 v1.3 Configuration of (r)epstopdf for TeX Live
)) [1

{/var/lib/texmf/fonts/map/pdftex/updmap/pdftex.map}] [1]
<../population_dist.png, id=11, 433.62pt x 289.08pt>
File: ../population_dist.png Graphic file (type png)
<use ../population_dist.png>
Package pdftex.def Info: ../population_dist.png  used on input line 115.
(pdftex.def)             Requested size: 173.44492pt x 115.62994pt.
<../2dgauss.png, id=13, 220.825pt x 165.61874pt>
File: ../2dgauss.png Graphic file (type png)
<use ../2dgauss.png>
Package pdftex.def Info: ../2dgauss.png  used on input line 116.
(pdftex.def)             Requested size: 154.57643pt x 115.93231pt.
LaTeX Font Info:    Try loading font information for U+msa on input line 122.
 (/usr/share/texlive/texmf-dist/tex/latex/amsfonts/umsa.fd
File: umsa.fd 2013/01/14 v3.01 AMS symbols A
)
LaTeX Font Info:    Try loading font information for U+msb on input line 122.
 (/usr/share/texlive/texmf-dist/tex/latex/amsfonts/umsb.fd
File: umsb.fd 2013/01/14 v3.01 AMS symbols B
)
<../infected_cells.png, id=14, 433.62pt x 289.08pt>
File: ../infected_cells.png Graphic file (type png)
<use ../infected_cells.png>
Package pdftex.def Info: ../infected_cells.png  used on input line 131.
(pdftex.def)             Requested size: 303.53192pt x 202.35461pt.
 [2 <../population_dist.png> <../2dgauss.png>] [3 <../infected_cells.png>] [4]
<../gaussian_spread/gaussian_spread_1.png, id=34, 1084.05pt x 722.7pt>
File: ../gaussian_spread/gaussian_spread_1.png Graphic file (type png)
<use ../gaussian_spread/gaussian_spread_1.png>
Package pdftex.def Info: ../gaussian_spread/gaussian_spread_1.png  used on input line 268.
(pdftex.def)             Requested size: 271.01184pt x 180.67455pt.
 [5 <../gaussian_spread/gaussian_spread_1.png>]
<../quarantine/quarantine_heatmap_3.png, id=40, 1084.05pt x 722.7pt>
File: ../quarantine/quarantine_heatmap_3.png Graphic file (type png)
<use ../quarantine/quarantine_heatmap_3.png>
Package pdftex.def Info: ../quarantine/quarantine_heatmap_3.png  used on input line 292.
(pdftex.def)             Requested size: 271.01184pt x 180.67455pt.
 [6 <../quarantine/quarantine_heatmap_3.png>]
<./wuhan_seir.png, id=46, 637.38126pt x 626.34pt>
File: ./wuhan_seir.png Graphic file (type png)
<use ./wuhan_seir.png>
Package pdftex.def Info: ./wuhan_seir.png  used on input line 320.
(pdftex.def)             Requested size: 331.44016pt x 325.69867pt.
<../gaussian_spread/gaussian_spread_0.png, id=47, 1084.05pt x 722.7pt>
File: ../gaussian_spread/gaussian_spread_0.png Graphic file (type png)
<use ../gaussian_spread/gaussian_spread_0.png>
Package pdftex.def Info: ../gaussian_spread/gaussian_spread_0.png  used on input line 346.
(pdftex.def)             Requested size: 151.76596pt x 101.1773pt.
File: ../gaussian_spread/gaussian_spread_1.png Graphic file (type png)
<use ../gaussian_spread/gaussian_spread_1.png>
Package pdftex.def Info: ../gaussian_spread/gaussian_spread_1.png  used on input line 348.
(pdftex.def)             Requested size: 151.76596pt x 101.1773pt.
<../gaussian_spread/gaussian_spread_2.png, id=48, 1084.05pt x 722.7pt>
File: ../gaussian_spread/gaussian_spread_2.png Graphic file (type png)
<use ../gaussian_spread/gaussian_spread_2.png>
Package pdftex.def Info: ../gaussian_spread/gaussian_spread_2.png  used on input line 350.
(pdftex.def)             Requested size: 151.76596pt x 101.1773pt.
<../gaussian_spread/gaussian_spread_3.png, id=49, 1084.05pt x 722.7pt>
File: ../gaussian_spread/gaussian_spread_3.png Graphic file (type png)
<use ../gaussian_spread/gaussian_spread_3.png>
Package pdftex.def Info: ../gaussian_spread/gaussian_spread_3.png  used on input line 352.
(pdftex.def)             Requested size: 151.76596pt x 101.1773pt.
<../gaussian_spread/gaussian_spread_4.png, id=50, 1084.05pt x 722.7pt>
File: ../gaussian_spread/gaussian_spread_4.png Graphic file (type png)
<use ../gaussian_spread/gaussian_spread_4.png>
Package pdftex.def Info: ../gaussian_spread/gaussian_spread_4.png  used on input line 354.
(pdftex.def)             Requested size: 151.76596pt x 101.1773pt.
<../gaussian_spread/gaussian_spread_5.png, id=51, 1084.05pt x 722.7pt>
File: ../gaussian_spread/gaussian_spread_5.png Graphic file (type png)
<use ../gaussian_spread/gaussian_spread_5.png>
Package pdftex.def Info: ../gaussian_spread/gaussian_spread_5.png  used on input line 356.
(pdftex.def)             Requested size: 151.76596pt x 101.1773pt.
<../gaussian_spread/gaussian_spread_6.png, id=52, 1084.05pt x 722.7pt>
File: ../gaussian_spread/gaussian_spread_6.png Graphic file (type png)
<use ../gaussian_spread/gaussian_spread_6.png>
Package pdftex.def Info: ../gaussian_spread/gaussian_spread_6.png  used on input line 358.
(pdftex.def)             Requested size: 151.76596pt x 101.1773pt.
<../gaussian_spread/gaussian_spread_7.png, id=53, 1084.05pt x 722.7pt>
File: ../gaussian_spread/gaussian_spread_7.png Graphic file (type png)
<use ../gaussian_spread/gaussian_spread_7.png>
Package pdftex.def Info: ../gaussian_spread/gaussian_spread_7.png  used on input line 360.
(pdftex.def)             Requested size: 151.76596pt x 101.1773pt.
<../gaussian_spread/gauss_plot.png, id=54, 433.62pt x 289.08pt>
File: ../gaussian_spread/gauss_plot.png Graphic file (type png)
<use ../gaussian_spread/gauss_plot.png>
Package pdftex.def Info: ../gaussian_spread/gauss_plot.png  used on input line 365.
(pdftex.def)             Requested size: 303.53192pt x 202.35461pt.
<../quarantine/quarantine_heatmap_0.png, id=55, 1084.05pt x 722.7pt>
File: ../quarantine/quarantine_heatmap_0.png Graphic file (type png)
<use ../quarantine/quarantine_heatmap_0.png>
Package pdftex.def Info: ../quarantine/quarantine_heatmap_0.png  used on input line 373.
(pdftex.def)             Requested size: 162.60048pt x 108.40031pt.
<../quarantine/quarantine_heatmap_1.png, id=56, 1084.05pt x 722.7pt>
File: ../quarantine/quarantine_heatmap_1.png Graphic file (type png)
<use ../quarantine/quarantine_heatmap_1.png>
Package pdftex.def Info: ../quarantine/quarantine_heatmap_1.png  used on input line 375.
(pdftex.def)             Requested size: 162.60048pt x 108.40031pt.
<../quarantine/quarantine_heatmap_2.png, id=57, 1084.05pt x 722.7pt>
File: ../quarantine/quarantine_heatmap_2.png Graphic file (type png)
<use ../quarantine/quarantine_heatmap_2.png>
Package pdftex.def Info: ../quarantine/quarantine_heatmap_2.png  used on input line 379.
(pdftex.def)             Requested size: 162.60048pt x 108.40031pt.
File: ../quarantine/quarantine_heatmap_3.png Graphic file (type png)
<use ../quarantine/quarantine_heatmap_3.png>
Package pdftex.def Info: ../quarantine/quarantine_heatmap_3.png  used on input line 381.
(pdftex.def)             Requested size: 162.60048pt x 108.40031pt.
<../quarantine/quarantine_plt.png, id=58, 433.62pt x 289.08pt>
File: ../quarantine/quarantine_plt.png Graphic file (type png)
<use ../quarantine/quarantine_plt.png>
Package pdftex.def Info: ../quarantine/quarantine_plt.png  used on input line 386.
(pdftex.def)             Requested size: 303.53192pt x 202.35461pt.
<../combined_spread.png, id=59, 433.62pt x 289.08pt>
File: ../combined_spread.png Graphic file (type png)
<use ../combined_spread.png>
Package pdftex.def Info: ../combined_spread.png  used on input line 391.
(pdftex.def)             Requested size: 303.53192pt x 202.35461pt.
 [7

 <./wuhan_seir.png>] [8 <../gaussian_spread/gaussian_spread_0.png> <../gaussian_spread/gaussian_spread_2.png> <../gaussian_spread/gaussian_spread_3.png> <../gaussian_spread/gaussian_spread_4.png> <../gaussian_spread/gaussian_spread_5.png> <../gaussian_spread/gaussian_spread_6.png> <../gaussian_spread/gaussian_spread_7.png>] [9 <../gaussian_spread/gauss_plot.png> <../quarantine/quarantine_heatmap_0.png> <../quarantine/quarantine_heatmap_1.png> <../quarantine/quarantine_heatmap_2.png>] [10 <../quarantine/quarantine_plt.png> <../combined_spread.png>] [11

] (./project.aux) ) 
Here is how much of TeX's memory you used:
 4224 strings out of 494923
 61866 string characters out of 6180743
 120651 words of memory out of 5000000
 7467 multiletter control sequences out of 15000+600000
 8747 words of font info for 35 fonts, out of 8000000 for 9000
 14 hyphenation exceptions out of 8191
 41i,8n,32p,431b,227s stack positions out of 5000i,500n,10000p,200000b,80000s
</usr/share/texlive/texmf-dist/fonts/type1/public/amsfonts/cm/cmbx10.pfb></usr/share/texlive/texmf-dist/fonts/type1/public/amsfonts/cm/cmmi10.pfb></usr/share/texlive/texmf-dist/fonts/type1/public/amsfonts/cm/cmmi7.pfb></usr/share/texlive/texmf-dist/fonts/type1/public/amsfonts/cm/cmmi8.pfb></usr/share/texlive/texmf-dist/fonts/type1/public/amsfonts/cm/cmr10.pfb></usr/share/texlive/texmf-dist/fonts/type1/public/amsfonts/cm/cmr6.pfb></usr/share/texlive/texmf-dist/fonts/type1/public/amsfonts/cm/cmr7.pfb></usr/share/texlive/texmf-dist/fonts/type1/public/amsfonts/cm/cmr8.pfb></usr/share/texlive/texmf-dist/fonts/type1/public/amsfonts/cm/cmsy10.pfb></usr/share/texlive/texmf-dist/fonts/type1/public/amsfonts/cm/cmsy7.pfb>
Output written on project.pdf (12 pages, 866441 bytes).
PDF statistics:
 122 PDF objects out of 1000 (max. 8388607)
 59 compressed objects within 1 object stream
 0 named destinations out of 1000 (max. 500000)
 96 words of extra memory for PDF output out of 10000 (max. 10000000)

